Building 300 images with 16 workers...
[1/300] ✓ astropy_1776_astropy-12907
[2/300] ✓ django_1776_django-10924
[3/300] ✓ django_1776_django-11049
[4/300] ✓ django_1776_django-11283
[5/300] ✓ django_1776_django-10914
[6/300] ✓ astropy_1776_astropy-7746
[7/300] ✓ django_1776_django-11179
[8/300] ✓ astropy_1776_astropy-14365
[9/300] ✓ django_1776_django-11422
[10/300] ✓ django_1776_django-11099
[11/300] ✓ django_1776_django-11039
[12/300] ✓ django_1776_django-11620
[13/300] ✓ django_1776_django-11019
[14/300] ✓ django_1776_django-11797
[15/300] ✓ astropy_1776_astropy-14182
[16/300] ✓ django_1776_django-11848
[17/300] ✓ django_1776_django-11583
[18/300] ✓ django_1776_django-11910
[19/300] ✓ django_1776_django-11964
[20/300] ✓ astropy_1776_astropy-6938
[21/300] ✓ django_1776_django-12113
[22/300] ✓ django_1776_django-12125
[23/300] ✓ django_1776_django-11905
[24/300] ✓ django_1776_django-12284
[25/300] ✓ django_1776_django-12184
[26/300] ✓ django_1776_django-12286
[27/300] ✓ django_1776_django-11999
[28/300] ✓ django_1776_django-12453
[29/300] ✓ django_1776_django-12470
[30/300] ✓ django_1776_django-12589
[31/300] ✓ django_1776_django-11001
[32/300] ✓ django_1776_django-12708
[33/300] ✓ django_1776_django-12747
[34/300] ✓ django_1776_django-12308
[35/300] ✓ django_1776_django-12908
[36/300] ✓ django_1776_django-11630
[37/300] ✓ django_1776_django-11564
[38/300] ✓ django_1776_django-11815
[39/300] ✓ django_1776_django-12983
[40/300] ✓ django_1776_django-13028
[41/300] ✓ django_1776_django-13158
[42/300] ✓ django_1776_django-13033
[43/300] ✓ django_1776_django-11133
[44/300] ✓ astropy_1776_astropy-14995
[45/300] ✓ django_1776_django-13220
[46/300] ✓ django_1776_django-13265
[47/300] ✓ django_1776_django-13230
[48/300] ✓ django_1776_django-12497
[49/300] ✓ django_1776_django-13447
[50/300] ✓ django_1776_django-13551
[51/300] ✓ django_1776_django-13448
[52/300] ✓ django_1776_django-12700
[53/300] ✓ django_1776_django-12856
[54/300] ✓ django_1776_django-11742
[55/300] ✓ django_1776_django-13590
[56/300] ✓ django_1776_django-13658
[57/300] ✓ django_1776_django-13710
[58/300] ✓ django_1776_django-13757
[59/300] ✓ django_1776_django-13315
[60/300] ✓ django_1776_django-13925
[61/300] ✓ django_1776_django-13660
[62/300] ✓ django_1776_django-14016
[63/300] ✓ django_1776_django-13964
[64/300] ✓ django_1776_django-14238
[65/300] ✓ django_1776_django-13321
[66/300] ✓ django_1776_django-14155
[67/300] ✓ django_1776_django-14411
[68/300] ✓ django_1776_django-14534
[69/300] ✓ django_1776_django-14382
[70/300] ✓ django_1776_django-14580
[71/300] ✓ django_1776_django-14667
[72/300] ✓ django_1776_django-14608
[73/300] ✓ django_1776_django-13768
[74/300] ✓ django_1776_django-14752
[75/300] ✓ django_1776_django-14787
[76/300] ✓ django_1776_django-14997
[77/300] ✓ django_1776_django-14915
[78/300] ✓ django_1776_django-14672
[79/300] ✓ django_1776_django-15213
[80/300] ✓ django_1776_django-15202
[81/300] ✓ django_1776_django-14999
[82/300] ✓ django_1776_django-15347
[83/300] ✓ django_1776_django-15252
[84/300] ✓ django_1776_django-14730
[85/300] ✓ django_1776_django-15695
[86/300] ✓ django_1776_django-15781
[87/300] ✓ django_1776_django-15789
[88/300] ✓ django_1776_django-15320
[89/300] ✓ django_1776_django-15790
[90/300] ✓ django_1776_django-15851
[91/300] ✓ django_1776_django-15819
[92/300] ✓ django_1776_django-15388
[93/300] ✓ django_1776_django-13933
[94/300] ✓ django_1776_django-15996
[95/300] ✓ django_1776_django-15061
[96/300] ✓ django_1776_django-16139
[97/300] ✓ django_1776_django-15814
[98/300] ✓ django_1776_django-16379
[99/300] ✓ django_1776_django-16046
[100/300] ✓ django_1776_django-14017
[101/300] ✓ django_1776_django-16229
[102/300] ✓ django_1776_django-16408
[103/300] ✓ django_1776_django-16527
[104/300] ✓ django_1776_django-16595
[105/300] ✓ django_1776_django-13401
[106/300] ✓ django_1776_django-16873
[107/300] ✓ django_1776_django-17051
[108/300] ✓ django_1776_django-16820
[109/300] ✓ matplotlib_1776_matplotlib-18869
[110/300] ✓ matplotlib_1776_matplotlib-22711
[111/300] ✓ django_1776_django-16910
[112/300] ✓ django_1776_django-15498
[113/300] ✓ django_1776_django-15902
[114/300] ✓ matplotlib_1776_matplotlib-23299
[115/300] ✓ django_1776_django-15738
[116/300] ✓ django_1776_django-16041
[117/300] ✓ django_1776_django-16400
[118/300] ✓ django_1776_django-14855
[119/300] ✓ django_1776_django-16255
[120/300] ✓ django_1776_django-15400
[121/300] ✓ matplotlib_1776_matplotlib-23476
[122/300] ✓ django_1776_django-16816
[123/300] ✓ django_1776_django-12915
[124/300] ✓ matplotlib_1776_matplotlib-23913
[125/300] ✓ matplotlib_1776_matplotlib-24265
[126/300] ✓ matplotlib_1776_matplotlib-24970
[127/300] ✓ matplotlib_1776_matplotlib-23562
[128/300] ✓ matplotlib_1776_matplotlib-23987
[129/300] ✓ matplotlib_1776_matplotlib-23964
[130/300] ✓ matplotlib_1776_matplotlib-23563
[131/300] ✓ matplotlib_1776_matplotlib-23314
[132/300] ✓ matplotlib_1776_matplotlib-26020
[133/300] ✓ matplotlib_1776_matplotlib-24149
[134/300] ✓ matplotlib_1776_matplotlib-25311
[135/300] ✓ mwaskom_1776_seaborn-3010
[136/300] ✓ mwaskom_1776_seaborn-3190
[137/300] ✓ mwaskom_1776_seaborn-3407
[138/300] ✓ matplotlib_1776_matplotlib-24334
[139/300] ✓ matplotlib_1776_matplotlib-26011
[140/300] ✓ matplotlib_1776_matplotlib-25442
[141/300] ✓ pallets_1776_flask-5063
[142/300] ✓ matplotlib_1776_matplotlib-25433
[143/300] ✓ psf_1776_requests-1963
[144/300] ✓ pallets_1776_flask-4045
[145/300] ✓ matplotlib_1776_matplotlib-25079
[146/300] ✓ psf_1776_requests-863
[147/300] ✓ pydata_1776_xarray-4248
[148/300] ✓ pallets_1776_flask-4992
[149/300] ✓ psf_1776_requests-3362
[150/300] ✓ pydata_1776_xarray-4094
[151/300] ✓ psf_1776_requests-2317
[152/300] ✓ pydata_1776_xarray-3364
[153/300] ✓ psf_1776_requests-2674
[154/300] ✓ pylint-dev_1776_pylint-7080
[155/300] ✓ mwaskom_1776_seaborn-2848
[156/300] ✓ pydata_1776_xarray-4493
[157/300] ✓ pylint-dev_1776_pylint-7114
[158/300] ✓ pytest-dev_1776_pytest-11148
[159/300] ✓ pytest-dev_1776_pytest-5103
[160/300] ✓ psf_1776_requests-2148
[161/300] ✓ pytest-dev_1776_pytest-5495
[162/300] ✓ pytest-dev_1776_pytest-5413
[163/300] ✓ pylint-dev_1776_pylint-7228
[164/300] ✓ pylint-dev_1776_pylint-7993
[165/300] ✓ pytest-dev_1776_pytest-5692
[166/300] ✓ pytest-dev_1776_pytest-7220
[167/300] ✓ pylint-dev_1776_pylint-5859
[168/300] ✓ pytest-dev_1776_pytest-5221
[169/300] ✓ pytest-dev_1776_pytest-7373
[170/300] ✓ pytest-dev_1776_pytest-11143
[171/300] ✓ pylint-dev_1776_pylint-6506
[172/300] ✓ pytest-dev_1776_pytest-7432
[173/300] ✓ pytest-dev_1776_pytest-7490
[174/300] ✓ matplotlib_1776_matplotlib-22835
[175/300] ✓ pytest-dev_1776_pytest-8906
[176/300] ✓ pytest-dev_1776_pytest-9359
[177/300] ✓ scikit-learn_1776_scikit-learn-10297
[178/300] ✓ scikit-learn_1776_scikit-learn-10508
[179/300] ✓ pytest-dev_1776_pytest-6116
[180/300] ✓ scikit-learn_1776_scikit-learn-11040
[181/300] ✓ scikit-learn_1776_scikit-learn-10949
[182/300] ✓ scikit-learn_1776_scikit-learn-12471
[183/300] ✓ scikit-learn_1776_scikit-learn-11281
[184/300] ✓ scikit-learn_1776_scikit-learn-13142
[185/300] ✓ scikit-learn_1776_scikit-learn-13241
[186/300] ✓ scikit-learn_1776_scikit-learn-13439
[187/300] ✓ django_1776_django-17087
[188/300] ✓ scikit-learn_1776_scikit-learn-13496
[189/300] ✓ scikit-learn_1776_scikit-learn-13497
[190/300] ✓ scikit-learn_1776_scikit-learn-13584
[191/300] ✓ scikit-learn_1776_scikit-learn-13779
[192/300] ✓ matplotlib_1776_matplotlib-25498
[193/300] ✓ scikit-learn_1776_scikit-learn-14092
[194/300] ✓ scikit-learn_1776_scikit-learn-14894
[195/300] ✓ scikit-learn_1776_scikit-learn-15512
[196/300] ✓ scikit-learn_1776_scikit-learn-14983
[197/300] ✓ matplotlib_1776_matplotlib-25332
[198/300] ✓ pydata_1776_xarray-5131
[199/300] ✓ scikit-learn_1776_scikit-learn-25500
[200/300] ✓ scikit-learn_1776_scikit-learn-25570
[201/300] ✓ scikit-learn_1776_scikit-learn-25638
[202/300] ✓ sphinx-doc_1776_sphinx-10325
[203/300] ✓ sphinx-doc_1776_sphinx-11445
[204/300] ✓ pytest-dev_1776_pytest-5227
[205/300] ✓ sphinx-doc_1776_sphinx-7738
[206/300] ✓ sphinx-doc_1776_sphinx-7975
[207/300] ✓ sphinx-doc_1776_sphinx-8273
[208/300] ✓ sphinx-doc_1776_sphinx-8435
[209/300] ✓ scikit-learn_1776_scikit-learn-15535
[210/300] ✓ sphinx-doc_1776_sphinx-8474
[211/300] ✓ sphinx-doc_1776_sphinx-10451
[212/300] ✓ sphinx-doc_1776_sphinx-8506
[213/300] ✓ sphinx-doc_1776_sphinx-8595
[214/300] ✓ sphinx-doc_1776_sphinx-8713
[215/300] ✓ sphinx-doc_1776_sphinx-8627
[216/300] ✓ sphinx-doc_1776_sphinx-8721
[217/300] ✓ sphinx-doc_1776_sphinx-8801
[218/300] ✓ sympy_1776_sympy-11400
[219/300] ✓ sympy_1776_sympy-11870
[220/300] ✓ sphinx-doc_1776_sphinx-8282
[221/300] ✓ sympy_1776_sympy-12171
[222/300] ✓ sympy_1776_sympy-11897
[223/300] ✓ sympy_1776_sympy-12236
[224/300] ✓ sympy_1776_sympy-12419
[225/300] ✓ sympy_1776_sympy-12454
[226/300] ✓ sympy_1776_sympy-12481
[227/300] ✓ sympy_1776_sympy-13031
[228/300] ✓ sympy_1776_sympy-13043
[229/300] ✓ sympy_1776_sympy-13177
[230/300] ✓ sympy_1776_sympy-13437
[231/300] ✓ sympy_1776_sympy-13146
[232/300] ✓ sympy_1776_sympy-13480
[233/300] ✓ sympy_1776_sympy-13647
[234/300] ✓ sympy_1776_sympy-13471
[235/300] ✓ sympy_1776_sympy-13773
[236/300] ✓ sympy_1776_sympy-13895
[237/300] ✓ sympy_1776_sympy-13971
[238/300] ✓ sympy_1776_sympy-13915
[239/300] ✓ sympy_1776_sympy-14308
[240/300] ✓ sympy_1776_sympy-14024
[241/300] ✓ sympy_1776_sympy-14396
[242/300] ✓ sympy_1776_sympy-14317
[243/300] ✓ sympy_1776_sympy-14774
[244/300] ✓ sympy_1776_sympy-14817
[245/300] ✓ sympy_1776_sympy-15011
[246/300] ✓ sympy_1776_sympy-15308
[247/300] ✓ sympy_1776_sympy-15345
[248/300] ✓ sympy_1776_sympy-15609
[249/300] ✓ sympy_1776_sympy-15346
[250/300] ✓ sympy_1776_sympy-16281
[251/300] ✓ sympy_1776_sympy-16106
[252/300] ✓ sympy_1776_sympy-15678
[253/300] ✓ sympy_1776_sympy-16503
[254/300] ✓ sympy_1776_sympy-16792
[255/300] ✓ sympy_1776_sympy-16988
[256/300] ✓ sympy_1776_sympy-17022
[257/300] ✓ sympy_1776_sympy-17139
[258/300] ✓ sympy_1776_sympy-17630
[259/300] ✓ sympy_1776_sympy-18057
[260/300] ✓ sympy_1776_sympy-17655
[261/300] ✓ sympy_1776_sympy-18199
[262/300] ✓ sympy_1776_sympy-18087
[263/300] ✓ sympy_1776_sympy-18189
[264/300] ✓ sympy_1776_sympy-18621
[265/300] ✓ sympy_1776_sympy-18698
[266/300] ✓ sympy_1776_sympy-18835
[267/300] ✓ sympy_1776_sympy-18532
[268/300] ✓ sympy_1776_sympy-19254
[269/300] ✓ sympy_1776_sympy-19487
[270/300] ✓ sympy_1776_sympy-19007
[271/300] ✓ sympy_1776_sympy-20049
[272/300] ✓ sympy_1776_sympy-20212
[273/300] ✓ sympy_1776_sympy-20154
[274/300] ✓ sympy_1776_sympy-20322
[275/300] ✓ sympy_1776_sympy-20442
[276/300] ✓ sympy_1776_sympy-20639
[277/300] ✓ sympy_1776_sympy-20590
[278/300] ✓ sympy_1776_sympy-21171
[279/300] ✓ sympy_1776_sympy-21055
[280/300] ✓ sympy_1776_sympy-21614
[281/300] ✓ sympy_1776_sympy-21612
[282/300] ✓ sympy_1776_sympy-21379
[283/300] ✓ sympy_1776_sympy-21627
[284/300] ✓ sympy_1776_sympy-21847
[285/300] ✓ sympy_1776_sympy-22005
[286/300] ✓ sympy_1776_sympy-22714
[287/300] ✓ sympy_1776_sympy-22840
[288/300] ✓ sympy_1776_sympy-23191
[289/300] ✓ sympy_1776_sympy-23262
[290/300] ✓ sympy_1776_sympy-24066
[291/300] ✓ sympy_1776_sympy-24152
[292/300] ✓ sympy_1776_sympy-24102
[293/300] ✓ sympy_1776_sympy-24213
[294/300] ✓ sympy_1776_sympy-24909
[295/300] ✗ pytest-dev_1776_pytest-7168: pull failed (see swebench_sweb.eval.x86_64.pytest-dev_1776_pytest-7168.log)
[296/300] ✓ scikit-learn_1776_scikit-learn-14087
[297/300] ✓ sphinx-doc_1776_sphinx-7686
[298/300] ✓ scikit-learn_1776_scikit-learn-25747
[299/300] ✓ sympy_1776_sympy-23117
